\BOOKMARK [1][-]{section.1}{Lie Symmetries for Solving DEs}{}% 1
\BOOKMARK [2][-]{subsection.1.1}{Preliminaries.}{section.1}% 2
\BOOKMARK [2][-]{subsection.1.2}{Lie Groups and Algebras.}{section.1}% 3
\BOOKMARK [2][-]{subsection.1.3}{Canonical Coordinates}{section.1}% 4
\BOOKMARK [2][-]{subsection.1.4}{Finding symmetries, the linearised symmetry condition.}{section.1}% 5
\BOOKMARK [2][-]{subsection.1.5}{Noether's Theorem}{section.1}% 6
\BOOKMARK [3][-]{subsubsection.1.5.1}{A basic example of Noether's theorem applied to a Lagrangian system}{subsection.1.5}% 7
\BOOKMARK [1][-]{section.2}{Celestial mechanics, the N-Body problem.}{}% 8
\BOOKMARK [2][-]{subsection.2.1}{The Kepler Problem}{section.2}% 9
\BOOKMARK [2][-]{subsection.2.2}{N bodies.}{section.2}% 10
\BOOKMARK [3][-]{subsubsection.2.2.1}{Symmetries of the n-body problem.}{subsection.2.2}% 11
\BOOKMARK [1][-]{section.3}{Numerical Integration, Theory}{}% 12
\BOOKMARK [2][-]{subsection.3.1}{Symplectic Manifolds and Symplectic Transformations}{section.3}% 13
\BOOKMARK [2][-]{subsection.3.2}{Lagrangian systems are Hamiltonian systems.}{section.3}% 14
\BOOKMARK [2][-]{subsection.3.3}{Hamiltonian systems and Symplecticity.}{section.3}% 15
\BOOKMARK [2][-]{subsection.3.4}{Symplectic Geometry}{section.3}% 16
\BOOKMARK [2][-]{subsection.3.5}{Survey of Classical Integration methods}{section.3}% 17
\BOOKMARK [3][-]{subsubsection.3.5.1}{Types of integrators}{subsection.3.5}% 18
\BOOKMARK [3][-]{subsubsection.3.5.2}{Explicit Euler}{subsection.3.5}% 19
\BOOKMARK [3][-]{subsubsection.3.5.3}{Str\366mer Verlet}{subsection.3.5}% 20
\BOOKMARK [3][-]{subsubsection.3.5.4}{Explicit Midpoint rule}{subsection.3.5}% 21
\BOOKMARK [2][-]{subsection.3.6}{Kepler Projection Methods Experiment.}{section.3}% 22
\BOOKMARK [3][-]{subsubsection.3.6.1}{Aim}{subsection.3.6}% 23
\BOOKMARK [3][-]{subsubsection.3.6.2}{Theory / Hypothesis}{subsection.3.6}% 24
\BOOKMARK [3][-]{subsubsection.3.6.3}{Method}{subsection.3.6}% 25
\BOOKMARK [3][-]{subsubsection.3.6.4}{Results, Observations, Remarks, Speculation.}{subsection.3.6}% 26
\BOOKMARK [3][-]{subsubsection.3.6.5}{Remarks}{subsection.3.6}% 27
\BOOKMARK [2][-]{subsection.3.7}{Projection Methods}{section.3}% 28
\BOOKMARK [3][-]{subsubsection.3.7.1}{First method. The Naive Projection Method}{subsection.3.7}% 29
\BOOKMARK [3][-]{subsubsection.3.7.2}{Naive Symmetric Method.}{subsection.3.7}% 30
\BOOKMARK [3][-]{subsubsection.3.7.3}{Better algorithm for projection methods of first integrals. The Parallel projection method.}{subsection.3.7}% 31
\BOOKMARK [3][-]{subsubsection.3.7.4}{Standard Projection Method}{subsection.3.7}% 32
\BOOKMARK [3][-]{subsubsection.3.7.5}{Modified differential equation, turn the manifold into an attractor?? by modifying the equation.}{subsection.3.7}% 33
\BOOKMARK [3][-]{subsubsection.3.7.6}{Infidelity of the projections, `difference flow' \(made up term\).}{subsection.3.7}% 34
\BOOKMARK [2][-]{subsection.3.8}{Second order Conservation of invariants via method of Local coordinates.}{section.3}% 35
\BOOKMARK [3][-]{subsubsection.3.8.1}{Implementation of projection Algorithm. \(See documentation on site, link to github repo readme / documentation\)}{subsection.3.8}% 36
\BOOKMARK [1][-]{section.4}{Backward Error Analysis}{}% 37
\BOOKMARK [2][-]{subsection.4.1}{Algorithm for finding modified equation coefficients.}{section.4}% 38
\BOOKMARK [2][-]{subsection.4.2}{Truncated modified equations for integrators}{section.4}% 39
\BOOKMARK [3][-]{subsubsection.4.2.1}{Explicit Euler}{subsection.4.2}% 40
\BOOKMARK [3][-]{subsubsection.4.2.2}{Str\366mer Verlet}{subsection.4.2}% 41
\BOOKMARK [3][-]{subsubsection.4.2.3}{Modified equations for the Numerical flow of Projection methods}{subsection.4.2}% 42
\BOOKMARK [3][-]{subsubsection.4.2.4}{Calculations of projection terms.}{subsection.4.2}% 43
\BOOKMARK [1][-]{section.5}{Chaos, the Lyapunov spectrum and do the projection methods give rise to an attractor?}{}% 44
\BOOKMARK [2][-]{subsection.5.1}{Lyapunov Exponents}{section.5}% 45
\BOOKMARK [3][-]{subsubsection.5.1.1}{Gramm Schmidt decomposition : Algorithm for finding Lyapunov exponents 1}{subsection.5.1}% 46
\BOOKMARK [2][-]{subsection.5.2}{Calculating Lyapunov exponents for symplectic integrators.}{section.5}% 47
\BOOKMARK [2][-]{subsection.5.3}{Implementation of modified equations for the Kepler problem.}{section.5}% 48
\BOOKMARK [3][-]{subsubsection.5.3.1}{Implementing the modified equation integrator for the Explicit Euler method \(no projection\)}{subsection.5.3}% 49
\BOOKMARK [3][-]{subsubsection.5.3.2}{Implementing the modified equation integrator for the Str\366mer Verlet method}{subsection.5.3}% 50
\BOOKMARK [3][-]{subsubsection.5.3.3}{Implementing exaggerated modified equations}{subsection.5.3}% 51
\BOOKMARK [1][-]{section.6}{Conclusions}{}% 52
\BOOKMARK [2][-]{subsection.6.1}{Mathematical Conclusions}{section.6}% 53
\BOOKMARK [2][-]{subsection.6.2}{Critical analysis of learning and process}{section.6}% 54
\BOOKMARK [2][-]{subsection.6.3}{Skills acquired}{section.6}% 55
\BOOKMARK [2][-]{subsection.6.4}{Future work}{section.6}% 56
\BOOKMARK [1][-]{section.7}{Articles to refrence that I have not added to bibtex yet}{}% 57
\BOOKMARK [1][-]{appendix.A}{Peter E. Hydon, Symmetry Methods for Differential Equations - A Beginner's Guide}{}% 58
\BOOKMARK [1][-]{appendix.B}{Geometric Numerical Integrations - Structure Preserving Algorithms for Ordinary Differential Equations.}{}% 59
\BOOKMARK [1][-]{appendix.C}{Papers}{}% 60
\BOOKMARK [1][-]{appendix.D}{Appendix B - Log}{}% 61
\BOOKMARK [2][-]{subsection.D.1}{Friday 8 May 2020}{appendix.D}% 62
\BOOKMARK [3][-]{subsubsection.D.1.1}{Goals}{subsection.D.1}% 63
\BOOKMARK [3][-]{subsubsection.D.1.2}{Log}{subsection.D.1}% 64
\BOOKMARK [2][-]{subsection.D.2}{Weekly Goals - week of 2020.05.11}{appendix.D}% 65
\BOOKMARK [2][-]{subsection.D.3}{Monday 11 May 2020}{appendix.D}% 66
\BOOKMARK [2][-]{subsection.D.4}{Thursday 11 May 2020}{appendix.D}% 67
\BOOKMARK [2][-]{subsection.D.5}{Weekly Review - week of 2020.05.11}{appendix.D}% 68
\BOOKMARK [2][-]{subsection.D.6}{Weekly Goals - week of 2020.05.18}{appendix.D}% 69
\BOOKMARK [1][-]{appendix.E}{Appendix C}{}% 70
\BOOKMARK [2][-]{subsection.E.1}{Random Attractors}{appendix.E}% 71
\BOOKMARK [2][-]{subsection.E.2}{Henon-Heiles Attractor}{appendix.E}% 72
\BOOKMARK [2][-]{subsection.E.3}{Other Stuff}{appendix.E}% 73
