\BOOKMARK [2][-]{subsection.0.1}{Meeting prep Thursday 16 July}{}% 1
\BOOKMARK [3][-]{subsubsection.0.1.1}{Review of week}{subsection.0.1}% 2
\BOOKMARK [3][-]{subsubsection.0.1.2}{Questions}{subsection.0.1}% 3
\BOOKMARK [3][-]{subsubsection.0.1.3}{Plan for next week}{subsection.0.1}% 4
\BOOKMARK [2][-]{subsection.0.2}{Meeting prep Thursday 18 June}{}% 5
\BOOKMARK [3][-]{subsubsection.0.2.1}{Review of week}{subsection.0.2}% 6
\BOOKMARK [3][-]{subsubsection.0.2.2}{Questions}{subsection.0.2}% 7
\BOOKMARK [3][-]{subsubsection.0.2.3}{Plan for next week}{subsection.0.2}% 8
\BOOKMARK [3][-]{subsubsection.0.2.4}{Suggestion}{subsection.0.2}% 9
\BOOKMARK [2][-]{subsection.0.3}{Meeting prep Thursday 9 July}{}% 10
\BOOKMARK [2][-]{subsection.0.4}{Review of this week}{}% 11
\BOOKMARK [2][-]{subsection.0.5}{Questions}{}% 12
\BOOKMARK [2][-]{subsection.0.6}{Plan}{}% 13
\BOOKMARK [2][-]{subsection.0.7}{Meeting prep Thursday 11 June}{}% 14
\BOOKMARK [3][-]{subsubsection.0.7.1}{Review of this week}{subsection.0.7}% 15
\BOOKMARK [3][-]{subsubsection.0.7.2}{Plan for next week}{subsection.0.7}% 16
\BOOKMARK [3][-]{subsubsection.0.7.3}{Questions}{subsection.0.7}% 17
\BOOKMARK [3][-]{subsubsection.0.7.4}{Review of this week \(this was for the last Thursday of May\)}{subsection.0.7}% 18
\BOOKMARK [3][-]{subsubsection.0.7.5}{Plan for next week / ask what to do + suggest ideas / what I am currently puzzled by}{subsection.0.7}% 19
\BOOKMARK [2][-]{subsection.0.8}{Meeting prep Thursday 14 May}{}% 20
\BOOKMARK [3][-]{subsubsection.0.8.1}{Questions}{subsection.0.8}% 21
\BOOKMARK [3][-]{subsubsection.0.8.2}{Review of this week}{subsection.0.8}% 22
\BOOKMARK [3][-]{subsubsection.0.8.3}{Plan for next week + future}{subsection.0.8}% 23
